ERROR   (2009-03-17) 19:28.04:183   [core.manager] (Unknown-URI) Unknown-thread/CoreServiceManager: Caught an exception trying to initialize the component handler.
org.apache.excalibur.source.SourceNotFoundException: file:/Z:/svnstuff/xcommand/documentation/forrest.properties doesn't exist.
	at org.apache.excalibur.source.impl.FileSource.getInputStream(FileSource.java:150)
	at org.apache.forrest.conf.ForrestConfModule.loadAntPropertiesFromURI(ForrestConfModule.java:165)
	at org.apache.forrest.conf.ForrestConfModule.initialize(ForrestConfModule.java:113)
	at org.apache.avalon.framework.container.ContainerUtil.initialize(ContainerUtil.java:283)
	at org.apache.cocoon.core.container.ComponentFactory.setupInstance(ComponentFactory.java:136)
	at org.apache.cocoon.core.container.ComponentFactory.newInstance(ComponentFactory.java:109)
	at org.apache.cocoon.core.container.ThreadSafeComponentHandler.doInitialize(ThreadSafeComponentHandler.java:52)
	at org.apache.cocoon.core.container.AbstractComponentHandler.initialize(AbstractComponentHandler.java:265)
	at org.apache.cocoon.core.container.CoreServiceManager.initialize(CoreServiceManager.java:200)
	at org.apache.cocoon.components.container.CocoonServiceManager.initialize(CocoonServiceManager.java:73)
	at org.apache.avalon.framework.container.ContainerUtil.initialize(ContainerUtil.java:283)
	at org.apache.cocoon.Cocoon.initialize(Cocoon.java:204)
	at org.apache.avalon.framework.container.ContainerUtil.initialize(ContainerUtil.java:283)
	at org.apache.cocoon.servlet.CocoonServlet.createCocoon(CocoonServlet.java:1349)
	at org.apache.cocoon.servlet.CocoonServlet.init(CocoonServlet.java:464)
	at org.mortbay.jetty.servlet.ServletHolder.start(ServletHolder.java:220)
	at org.mortbay.jetty.servlet.ServletHandler.initializeServlets(ServletHandler.java:445)
	at org.mortbay.jetty.servlet.WebApplicationHandler.initializeServlets(WebApplicationHandler.java:150)
	at org.mortbay.jetty.servlet.WebApplicationContext.start(WebApplicationContext.java:458)
	at org.mortbay.http.HttpServer.start(HttpServer.java:663)
	at org.mortbay.jetty.Server.main(Server.java:429)
Caused by: java.io.FileNotFoundException: Z:\svnstuff\xcommand\documentation\forrest.properties (The system cannot find the file specified)
	at java.io.FileInputStream.open(Native Method)
	at java.io.FileInputStream.<init>(FileInputStream.java:106)
	at org.apache.excalibur.source.impl.FileSource.getInputStream(FileSource.java:146)
	... 20 more
ERROR   (2009-03-17) 19:28.04:230   [access] (Unknown-URI) Unknown-thread/CocoonServlet: Exception reloading
org.apache.excalibur.source.SourceNotFoundException: file:/Z:/svnstuff/xcommand/documentation/forrest.properties doesn't exist.
	at org.apache.excalibur.source.impl.FileSource.getInputStream(FileSource.java:150)
	at org.apache.forrest.conf.ForrestConfModule.loadAntPropertiesFromURI(ForrestConfModule.java:165)
	at org.apache.forrest.conf.ForrestConfModule.initialize(ForrestConfModule.java:113)
	at org.apache.avalon.framework.container.ContainerUtil.initialize(ContainerUtil.java:283)
	at org.apache.cocoon.core.container.ComponentFactory.setupInstance(ComponentFactory.java:136)
	at org.apache.cocoon.core.container.ComponentFactory.newInstance(ComponentFactory.java:109)
	at org.apache.cocoon.core.container.ThreadSafeComponentHandler.doInitialize(ThreadSafeComponentHandler.java:52)
	at org.apache.cocoon.core.container.AbstractComponentHandler.initialize(AbstractComponentHandler.java:265)
	at org.apache.cocoon.core.container.CoreServiceManager.initialize(CoreServiceManager.java:200)
	at org.apache.cocoon.components.container.CocoonServiceManager.initialize(CocoonServiceManager.java:73)
	at org.apache.avalon.framework.container.ContainerUtil.initialize(ContainerUtil.java:283)
	at org.apache.cocoon.Cocoon.initialize(Cocoon.java:204)
	at org.apache.avalon.framework.container.ContainerUtil.initialize(ContainerUtil.java:283)
	at org.apache.cocoon.servlet.CocoonServlet.createCocoon(CocoonServlet.java:1349)
	at org.apache.cocoon.servlet.CocoonServlet.init(CocoonServlet.java:464)
	at org.mortbay.jetty.servlet.ServletHolder.start(ServletHolder.java:220)
	at org.mortbay.jetty.servlet.ServletHandler.initializeServlets(ServletHandler.java:445)
	at org.mortbay.jetty.servlet.WebApplicationHandler.initializeServlets(WebApplicationHandler.java:150)
	at org.mortbay.jetty.servlet.WebApplicationContext.start(WebApplicationContext.java:458)
	at org.mortbay.http.HttpServer.start(HttpServer.java:663)
	at org.mortbay.jetty.Server.main(Server.java:429)
Caused by: java.io.FileNotFoundException: Z:\svnstuff\xcommand\documentation\forrest.properties (The system cannot find the file specified)
	at java.io.FileInputStream.open(Native Method)
	at java.io.FileInputStream.<init>(FileInputStream.java:106)
	at org.apache.excalibur.source.impl.FileSource.getInputStream(FileSource.java:146)
	... 20 more
